<?xml version="1.0" encoding="UTF-8"?>
<!-- Generated by org.testng.reporters.JUnitXMLReporter -->
<testsuite ignored="2" hostname="Lenovo" failures="1" tests="1" name="c" time="0.025" errors="0" timestamp="2020-03-27T20:08:05 IST">
  <testcase classname="Sample1.Sample1" name="c" time="0.0">
    <failure type="org.testng.TestNGException" message="
Parameter &amp;apos;Value2&amp;apos; is required by @Test on method c but has not been marked @Optional or defined
in C:\TESTNG_WORKSPACE\Sample\TestNg.xml">
      <![CDATA[org.testng.TestNGException: 
Parameter 'Value2' is required by @Test on method c but has not been marked @Optional or defined
in C:\TESTNG_WORKSPACE\Sample\TestNg.xml
at org.testng.internal.Parameters.createParams(Parameters.java:272)
at org.testng.internal.Parameters.createParametersForMethod(Parameters.java:360)
at org.testng.internal.Parameters.createParameters(Parameters.java:704)
at org.testng.internal.Parameters.handleParameters(Parameters.java:879)
at org.testng.internal.Parameters.handleParameters(Parameters.java:744)
at org.testng.internal.ParameterHandler.handleParameters(ParameterHandler.java:59)
at org.testng.internal.ParameterHandler.createParameters(ParameterHandler.java:38)
at org.testng.internal.TestInvoker$MethodInvocationAgent.invoke(TestInvoker.java:783)
at org.testng.internal.TestInvoker.invokeTestMethods(TestInvoker.java:146)
at org.testng.internal.TestMethodWorker.invokeTestMethods(TestMethodWorker.java:146)
at org.testng.internal.TestMethodWorker.run(TestMethodWorker.java:128)
at java.base/java.util.concurrent.ThreadPoolExecutor.runWorker(ThreadPoolExecutor.java:1128)
at java.base/java.util.concurrent.ThreadPoolExecutor$Worker.run(ThreadPoolExecutor.java:628)
at java.base/java.lang.Thread.run(Thread.java:830)
]]>
    </failure>
  </testcase> <!-- c -->
  <testcase classname="Sample1.Sample1" name="b" time="0.0">
    <ignored/>
  </testcase> <!-- b -->
  <testcase classname="Sample1.Sample1" name="a" time="0.0">
    <ignored/>
  </testcase> <!-- a -->
</testsuite> <!-- c -->
